[ 2015-09-10T15:29:37+08:00 ] 127.0.0.1 /index.php/Home/Index/gc_action/
INFO: [ app_init ] --START--
INFO: Run Behavior\BuildLiteBehavior [ RunTime:0.000506s ]
INFO: [ app_init ] --END-- [ RunTime:0.036828s ]
INFO: [ app_begin ] --START--
INFO: Run Behavior\ReadHtmlCacheBehavior [ RunTime:0.032080s ]
INFO: [ app_begin ] --END-- [ RunTime:0.033771s ]
INFO: [ app_end ] --START--
INFO: Run Behavior\ShowPageTraceBehavior [ RunTime:0.031470s ]
INFO: [ app_end ] --END-- [ RunTime:0.033132s ]

[ 2015-09-10T15:31:33+08:00 ] 127.0.0.1 /index.php/Home/Index/gc_action/
INFO: [ app_init ] --START--
INFO: Run Behavior\BuildLiteBehavior [ RunTime:0.000286s ]
INFO: [ app_init ] --END-- [ RunTime:0.001987s ]
INFO: [ app_begin ] --START--
INFO: Run Behavior\ReadHtmlCacheBehavior [ RunTime:0.000788s ]
INFO: [ app_begin ] --END-- [ RunTime:0.001527s ]
INFO: [ app_end ] --START--
INFO: Run Behavior\ShowPageTraceBehavior [ RunTime:0.000732s ]
INFO: [ app_end ] --END-- [ RunTime:0.001477s ]

[ 2015-09-10T15:32:04+08:00 ] 127.0.0.1 /index.php/Home/Index/gc_action/
INFO: [ app_init ] --START--
INFO: Run Behavior\BuildLiteBehavior [ RunTime:0.000141s ]
INFO: [ app_init ] --END-- [ RunTime:0.001328s ]
INFO: [ app_begin ] --START--
INFO: Run Behavior\ReadHtmlCacheBehavior [ RunTime:0.000831s ]
INFO: [ app_begin ] --END-- [ RunTime:0.001598s ]
INFO: [ app_end ] --START--
INFO: Run Behavior\ShowPageTraceBehavior [ RunTime:0.000839s ]
INFO: [ app_end ] --END-- [ RunTime:0.001634s ]

[ 2015-09-10T15:32:41+08:00 ] 127.0.0.1 /index.php/Home/Index/gc_action/
INFO: [ app_init ] --START--
INFO: Run Behavior\BuildLiteBehavior [ RunTime:0.000165s ]
INFO: [ app_init ] --END-- [ RunTime:0.001370s ]
INFO: [ app_begin ] --START--
INFO: Run Behavior\ReadHtmlCacheBehavior [ RunTime:0.000898s ]
INFO: [ app_begin ] --END-- [ RunTime:0.001739s ]
INFO: [ app_end ] --START--
INFO: Run Behavior\ShowPageTraceBehavior [ RunTime:0.000858s ]
INFO: [ app_end ] --END-- [ RunTime:0.001751s ]

[ 2015-09-10T15:33:15+08:00 ] 127.0.0.1 /index.php/Home/Index/gc_action/
INFO: [ app_init ] --START--
INFO: Run Behavior\BuildLiteBehavior [ RunTime:0.000207s ]
INFO: [ app_init ] --END-- [ RunTime:0.001831s ]
INFO: [ app_begin ] --START--
INFO: Run Behavior\ReadHtmlCacheBehavior [ RunTime:0.001035s ]
INFO: [ app_begin ] --END-- [ RunTime:0.002038s ]
INFO: [ app_end ] --START--
INFO: Run Behavior\ShowPageTraceBehavior [ RunTime:0.001258s ]
INFO: [ app_end ] --END-- [ RunTime:0.002369s ]

[ 2015-09-10T15:33:16+08:00 ] 127.0.0.1 /index.php/Home/Index/gc_action/
INFO: [ app_init ] --START--
INFO: Run Behavior\BuildLiteBehavior [ RunTime:0.000164s ]
INFO: [ app_init ] --END-- [ RunTime:0.001420s ]
INFO: [ app_begin ] --START--
INFO: Run Behavior\ReadHtmlCacheBehavior [ RunTime:0.000882s ]
INFO: [ app_begin ] --END-- [ RunTime:0.001733s ]
INFO: [ app_end ] --START--
INFO: Run Behavior\ShowPageTraceBehavior [ RunTime:0.000866s ]
INFO: [ app_end ] --END-- [ RunTime:0.001717s ]

[ 2015-09-10T15:33:35+08:00 ] 127.0.0.1 /index.php/Home/Index/gc_action/
INFO: [ app_init ] --START--
INFO: Run Behavior\BuildLiteBehavior [ RunTime:0.000157s ]
INFO: [ app_init ] --END-- [ RunTime:0.001793s ]
INFO: [ app_begin ] --START--
INFO: Run Behavior\ReadHtmlCacheBehavior [ RunTime:0.000831s ]
INFO: [ app_begin ] --END-- [ RunTime:0.001629s ]
INFO: [ app_end ] --START--
INFO: Run Behavior\ShowPageTraceBehavior [ RunTime:0.000875s ]
INFO: [ app_end ] --END-- [ RunTime:0.001742s ]

[ 2015-09-10T15:34:05+08:00 ] 127.0.0.1 /index.php/Home/Index/gc_action/
INFO: [ app_init ] --START--
INFO: Run Behavior\BuildLiteBehavior [ RunTime:0.000160s ]
INFO: [ app_init ] --END-- [ RunTime:0.001429s ]
INFO: [ app_begin ] --START--
INFO: Run Behavior\ReadHtmlCacheBehavior [ RunTime:0.001011s ]
INFO: [ app_begin ] --END-- [ RunTime:0.001886s ]
INFO: [ app_end ] --START--
INFO: Run Behavior\ShowPageTraceBehavior [ RunTime:0.000927s ]
INFO: [ app_end ] --END-- [ RunTime:0.001746s ]

[ 2015-09-10T15:36:13+08:00 ] 127.0.0.1 /index.php/Home/Index/gc_action/
INFO: [ app_init ] --START--
INFO: Run Behavior\BuildLiteBehavior [ RunTime:0.000165s ]
INFO: [ app_init ] --END-- [ RunTime:0.001429s ]
INFO: [ app_begin ] --START--
INFO: Run Behavior\ReadHtmlCacheBehavior [ RunTime:0.001270s ]
INFO: [ app_begin ] --END-- [ RunTime:0.002366s ]
INFO: [ app_end ] --START--
INFO: Run Behavior\ShowPageTraceBehavior [ RunTime:0.000977s ]
INFO: [ app_end ] --END-- [ RunTime:0.001835s ]

[ 2015-09-10T15:36:29+08:00 ] 127.0.0.1 /index.php/Home/Index/gc_action/
INFO: [ app_init ] --START--
INFO: Run Behavior\BuildLiteBehavior [ RunTime:0.000179s ]
INFO: [ app_init ] --END-- [ RunTime:0.001521s ]
INFO: [ app_begin ] --START--
INFO: Run Behavior\ReadHtmlCacheBehavior [ RunTime:0.000916s ]
INFO: [ app_begin ] --END-- [ RunTime:0.001766s ]
INFO: [ app_end ] --START--
INFO: Run Behavior\ShowPageTraceBehavior [ RunTime:0.001131s ]
INFO: [ app_end ] --END-- [ RunTime:0.002119s ]

[ 2015-09-10T15:37:14+08:00 ] 127.0.0.1 /index.php/Home/Index/gc_action/
INFO: [ app_init ] --START--
INFO: Run Behavior\BuildLiteBehavior [ RunTime:0.000173s ]
INFO: [ app_init ] --END-- [ RunTime:0.001631s ]
INFO: [ app_begin ] --START--
INFO: Run Behavior\ReadHtmlCacheBehavior [ RunTime:0.000964s ]
INFO: [ app_begin ] --END-- [ RunTime:0.001933s ]
INFO: [ app_end ] --START--
INFO: Run Behavior\ShowPageTraceBehavior [ RunTime:0.001042s ]
INFO: [ app_end ] --END-- [ RunTime:0.001956s ]

[ 2015-09-10T15:37:28+08:00 ] 127.0.0.1 /index.php/Home/Index/gc_action/
INFO: [ app_init ] --START--
INFO: Run Behavior\BuildLiteBehavior [ RunTime:0.000154s ]
INFO: [ app_init ] --END-- [ RunTime:0.001317s ]
INFO: [ app_begin ] --START--
INFO: Run Behavior\ReadHtmlCacheBehavior [ RunTime:0.000875s ]
INFO: [ app_begin ] --END-- [ RunTime:0.001672s ]
INFO: [ app_end ] --START--
INFO: Run Behavior\ShowPageTraceBehavior [ RunTime:0.001018s ]
INFO: [ app_end ] --END-- [ RunTime:0.002087s ]

[ 2015-09-10T15:37:40+08:00 ] 127.0.0.1 /index.php/Home/Index/gc_action/
INFO: [ app_init ] --START--
INFO: Run Behavior\BuildLiteBehavior [ RunTime:0.000349s ]
INFO: [ app_init ] --END-- [ RunTime:0.002516s ]
INFO: [ app_begin ] --START--
INFO: Run Behavior\ReadHtmlCacheBehavior [ RunTime:0.001617s ]
INFO: [ app_begin ] --END-- [ RunTime:0.003170s ]
INFO: [ app_end ] --START--
INFO: Run Behavior\ShowPageTraceBehavior [ RunTime:0.001720s ]
INFO: [ app_end ] --END-- [ RunTime:0.003477s ]

[ 2015-09-10T15:37:50+08:00 ] 127.0.0.1 /index.php/Home/Index/gc_action/
INFO: [ app_init ] --START--
INFO: Run Behavior\BuildLiteBehavior [ RunTime:0.000347s ]
INFO: [ app_init ] --END-- [ RunTime:0.002598s ]
INFO: [ app_begin ] --START--
INFO: Run Behavior\ReadHtmlCacheBehavior [ RunTime:0.000767s ]
INFO: [ app_begin ] --END-- [ RunTime:0.001477s ]
INFO: [ app_end ] --START--
INFO: Run Behavior\ShowPageTraceBehavior [ RunTime:0.000830s ]
INFO: [ app_end ] --END-- [ RunTime:0.001610s ]

[ 2015-09-10T15:38:02+08:00 ] 127.0.0.1 /index.php/Home/Index/gc_action/
INFO: [ app_init ] --START--
INFO: Run Behavior\BuildLiteBehavior [ RunTime:0.000175s ]
INFO: [ app_init ] --END-- [ RunTime:0.001476s ]
INFO: [ app_begin ] --START--
INFO: Run Behavior\ReadHtmlCacheBehavior [ RunTime:0.000962s ]
INFO: [ app_begin ] --END-- [ RunTime:0.001884s ]
INFO: [ app_end ] --START--
INFO: Run Behavior\ShowPageTraceBehavior [ RunTime:0.000977s ]
INFO: [ app_end ] --END-- [ RunTime:0.001993s ]

[ 2015-09-10T15:38:27+08:00 ] 127.0.0.1 /index.php/Home/Index/gc_action/
INFO: [ app_init ] --START--
INFO: Run Behavior\BuildLiteBehavior [ RunTime:0.000156s ]
INFO: [ app_init ] --END-- [ RunTime:0.001185s ]
INFO: [ app_begin ] --START--
INFO: Run Behavior\ReadHtmlCacheBehavior [ RunTime:0.001149s ]
INFO: [ app_begin ] --END-- [ RunTime:0.001989s ]
INFO: [ app_end ] --START--
INFO: Run Behavior\ShowPageTraceBehavior [ RunTime:0.000846s ]
INFO: [ app_end ] --END-- [ RunTime:0.001579s ]

[ 2015-09-10T15:38:35+08:00 ] 127.0.0.1 /index.php/Home/Index/gc_action/
INFO: [ app_init ] --START--
INFO: Run Behavior\BuildLiteBehavior [ RunTime:0.000190s ]
INFO: [ app_init ] --END-- [ RunTime:0.001644s ]
INFO: [ app_begin ] --START--
INFO: Run Behavior\ReadHtmlCacheBehavior [ RunTime:0.000998s ]
INFO: [ app_begin ] --END-- [ RunTime:0.001998s ]
INFO: [ app_end ] --START--
INFO: Run Behavior\ShowPageTraceBehavior [ RunTime:0.001593s ]
INFO: [ app_end ] --END-- [ RunTime:0.002744s ]

[ 2015-09-10T15:38:42+08:00 ] 127.0.0.1 /index.php/Home/Index/gc_action/
INFO: [ app_init ] --START--
INFO: Run Behavior\BuildLiteBehavior [ RunTime:0.000140s ]
INFO: [ app_init ] --END-- [ RunTime:0.001208s ]
INFO: [ app_begin ] --START--
INFO: Run Behavior\ReadHtmlCacheBehavior [ RunTime:0.000831s ]
INFO: [ app_begin ] --END-- [ RunTime:0.001583s ]
INFO: [ app_end ] --START--
INFO: Run Behavior\ShowPageTraceBehavior [ RunTime:0.000745s ]
INFO: [ app_end ] --END-- [ RunTime:0.001456s ]

[ 2015-09-10T16:28:40+08:00 ] 127.0.0.1 /index.php/Home/Index/gc_action/
INFO: [ app_init ] --START--
INFO: Run Behavior\BuildLiteBehavior [ RunTime:0.000139s ]
INFO: [ app_init ] --END-- [ RunTime:0.001238s ]
INFO: [ app_begin ] --START--
INFO: Run Behavior\ReadHtmlCacheBehavior [ RunTime:0.001005s ]
INFO: [ app_begin ] --END-- [ RunTime:0.001831s ]
INFO: [ app_end ] --START--
INFO: Run Behavior\ShowPageTraceBehavior [ RunTime:0.001043s ]
INFO: [ app_end ] --END-- [ RunTime:0.001785s ]

[ 2015-09-10T17:06:02+08:00 ] 127.0.0.1 /index.php/Home/Index/gc_action/
INFO: [ app_init ] --START--
INFO: Run Behavior\BuildLiteBehavior [ RunTime:0.000139s ]
INFO: [ app_init ] --END-- [ RunTime:0.001279s ]
INFO: [ app_begin ] --START--
INFO: Run Behavior\ReadHtmlCacheBehavior [ RunTime:0.001055s ]
INFO: [ app_begin ] --END-- [ RunTime:0.002124s ]
INFO: [ app_end ] --START--
INFO: Run Behavior\ShowPageTraceBehavior [ RunTime:0.000852s ]
INFO: [ app_end ] --END-- [ RunTime:0.001570s ]

[ 2015-09-10T17:06:03+08:00 ] 127.0.0.1 /index.php/Home/Index/gc_action/
INFO: [ app_init ] --START--
INFO: Run Behavior\BuildLiteBehavior [ RunTime:0.000345s ]
INFO: [ app_init ] --END-- [ RunTime:0.002474s ]
INFO: [ app_begin ] --START--
INFO: Run Behavior\ReadHtmlCacheBehavior [ RunTime:0.000891s ]
INFO: [ app_begin ] --END-- [ RunTime:0.001695s ]
INFO: [ app_end ] --START--
INFO: Run Behavior\ShowPageTraceBehavior [ RunTime:0.000825s ]
INFO: [ app_end ] --END-- [ RunTime:0.001541s ]

[ 2015-09-10T17:06:58+08:00 ] 127.0.0.1 /index.php/Home/Index/gc_action/
INFO: [ app_init ] --START--
INFO: Run Behavior\BuildLiteBehavior [ RunTime:0.000175s ]
INFO: [ app_init ] --END-- [ RunTime:0.001641s ]
INFO: [ app_begin ] --START--
INFO: Run Behavior\ReadHtmlCacheBehavior [ RunTime:0.000975s ]
INFO: [ app_begin ] --END-- [ RunTime:0.001898s ]
INFO: [ app_end ] --START--
INFO: Run Behavior\ShowPageTraceBehavior [ RunTime:0.001122s ]
INFO: [ app_end ] --END-- [ RunTime:0.002013s ]

[ 2015-09-10T17:06:59+08:00 ] 127.0.0.1 /index.php/Home/Index/gc_action/
INFO: [ app_init ] --START--
INFO: Run Behavior\BuildLiteBehavior [ RunTime:0.000147s ]
INFO: [ app_init ] --END-- [ RunTime:0.001236s ]
INFO: [ app_begin ] --START--
INFO: Run Behavior\ReadHtmlCacheBehavior [ RunTime:0.001039s ]
INFO: [ app_begin ] --END-- [ RunTime:0.001875s ]
INFO: [ app_end ] --START--
INFO: Run Behavior\ShowPageTraceBehavior [ RunTime:0.000759s ]
INFO: [ app_end ] --END-- [ RunTime:0.001483s ]

[ 2015-09-10T17:07:24+08:00 ] 127.0.0.1 /index.php/Home/Index/gc_action/
INFO: [ app_init ] --START--
INFO: Run Behavior\BuildLiteBehavior [ RunTime:0.000135s ]
INFO: [ app_init ] --END-- [ RunTime:0.001234s ]
INFO: [ app_begin ] --START--
INFO: Run Behavior\ReadHtmlCacheBehavior [ RunTime:0.001023s ]
INFO: [ app_begin ] --END-- [ RunTime:0.001782s ]
INFO: [ app_end ] --START--
INFO: Run Behavior\ShowPageTraceBehavior [ RunTime:0.000729s ]
INFO: [ app_end ] --END-- [ RunTime:0.001584s ]

[ 2015-09-10T17:12:24+08:00 ] 127.0.0.1 /index.php/Home/Index/gc_action/
INFO: [ app_init ] --START--
INFO: Run Behavior\BuildLiteBehavior [ RunTime:0.000152s ]
INFO: [ app_init ] --END-- [ RunTime:0.001336s ]
INFO: [ app_begin ] --START--
INFO: Run Behavior\ReadHtmlCacheBehavior [ RunTime:0.001052s ]
INFO: [ app_begin ] --END-- [ RunTime:0.001822s ]
ERR: 模板不存在:./Application/Home/View/Index/index.html
NOTIC: [2] Cannot modify header information - headers already sent by (output started at E:\wangtao\thinkphp\Application\Home\Controller\IndexController.class.php:112) E:\wangtao\thinkphp\ThinkPHP\Library\Think\Think.class.php 第 228 行.
NOTIC: [2] Cannot modify header information - headers already sent by (output started at E:\wangtao\thinkphp\Application\Home\Controller\IndexController.class.php:112) E:\wangtao\thinkphp\ThinkPHP\Library\Think\Think.class.php 第 229 行.

[ 2015-09-10T17:13:52+08:00 ] 127.0.0.1 /index.php/Home/Index/gc_action/
INFO: [ app_init ] --START--
INFO: Run Behavior\BuildLiteBehavior [ RunTime:0.000175s ]
INFO: [ app_init ] --END-- [ RunTime:0.001631s ]
INFO: [ app_begin ] --START--
INFO: Run Behavior\ReadHtmlCacheBehavior [ RunTime:0.001009s ]
INFO: [ app_begin ] --END-- [ RunTime:0.001935s ]
ERR: 模板不存在:./Application/Home/View/Index/gc_action.html
NOTIC: [2] Cannot modify header information - headers already sent by (output started at E:\wangtao\thinkphp\Application\Home\Controller\IndexController.class.php:112) E:\wangtao\thinkphp\ThinkPHP\Library\Think\Think.class.php 第 228 行.
NOTIC: [2] Cannot modify header information - headers already sent by (output started at E:\wangtao\thinkphp\Application\Home\Controller\IndexController.class.php:112) E:\wangtao\thinkphp\ThinkPHP\Library\Think\Think.class.php 第 229 行.

[ 2015-09-10T17:14:18+08:00 ] 127.0.0.1 /index.php/Home/Index/gc_action/
INFO: [ app_init ] --START--
INFO: Run Behavior\BuildLiteBehavior [ RunTime:0.000189s ]
INFO: [ app_init ] --END-- [ RunTime:0.001531s ]
INFO: [ app_begin ] --START--
INFO: Run Behavior\ReadHtmlCacheBehavior [ RunTime:0.001049s ]
INFO: [ app_begin ] --END-- [ RunTime:0.002011s ]
ERR: 模板不存在:./Application/Home/View/Index/index.html
NOTIC: [2] Cannot modify header information - headers already sent by (output started at E:\wangtao\thinkphp\Application\Home\Controller\IndexController.class.php:112) E:\wangtao\thinkphp\ThinkPHP\Library\Think\Think.class.php 第 228 行.
NOTIC: [2] Cannot modify header information - headers already sent by (output started at E:\wangtao\thinkphp\Application\Home\Controller\IndexController.class.php:112) E:\wangtao\thinkphp\ThinkPHP\Library\Think\Think.class.php 第 229 行.

[ 2015-09-10T17:14:38+08:00 ] 127.0.0.1 /index.php/Home/Index/gc_action/
INFO: [ app_init ] --START--
INFO: Run Behavior\BuildLiteBehavior [ RunTime:0.000182s ]
INFO: [ app_init ] --END-- [ RunTime:0.001308s ]
INFO: [ app_begin ] --START--
INFO: Run Behavior\ReadHtmlCacheBehavior [ RunTime:0.000930s ]
INFO: [ app_begin ] --END-- [ RunTime:0.001745s ]
INFO: [ view_parse ] --START--
INFO: [ template_filter ] --START--
INFO: Run Behavior\ContentReplaceBehavior [ RunTime:0.000373s ]
INFO: [ template_filter ] --END-- [ RunTime:0.001644s ]
INFO: Run Behavior\ParseTemplateBehavior [ RunTime:0.084004s ]
INFO: [ view_parse ] --END-- [ RunTime:0.084822s ]
INFO: [ view_filter ] --START--
INFO: Run Behavior\WriteHtmlCacheBehavior [ RunTime:0.015520s ]
INFO: [ view_filter ] --END-- [ RunTime:0.016303s ]
NOTIC: [2] Cannot modify header information - headers already sent by (output started at E:\wangtao\thinkphp\Application\Home\Controller\IndexController.class.php:112) E:\wangtao\thinkphp\ThinkPHP\Library\Think\View.class.php 第 91 行.
NOTIC: [2] Cannot modify header information - headers already sent by (output started at E:\wangtao\thinkphp\Application\Home\Controller\IndexController.class.php:112) E:\wangtao\thinkphp\ThinkPHP\Library\Think\View.class.php 第 92 行.
NOTIC: [2] Cannot modify header information - headers already sent by (output started at E:\wangtao\thinkphp\Application\Home\Controller\IndexController.class.php:112) E:\wangtao\thinkphp\ThinkPHP\Library\Think\View.class.php 第 93 行.
INFO: [ app_end ] --START--
INFO: Run Behavior\ShowPageTraceBehavior [ RunTime:0.001064s ]
INFO: [ app_end ] --END-- [ RunTime:0.001829s ]

[ 2015-09-10T17:23:00+08:00 ] 127.0.0.1 /index.php/Home/Index/gc_action/
INFO: [ app_init ] --START--
INFO: Run Behavior\BuildLiteBehavior [ RunTime:0.000141s ]
INFO: [ app_init ] --END-- [ RunTime:0.001239s ]
INFO: [ app_begin ] --START--
INFO: Run Behavior\ReadHtmlCacheBehavior [ RunTime:0.000908s ]
INFO: [ app_begin ] --END-- [ RunTime:0.001655s ]
INFO: [ view_parse ] --START--
INFO: [ template_filter ] --START--
INFO: Run Behavior\ContentReplaceBehavior [ RunTime:0.000305s ]
INFO: [ template_filter ] --END-- [ RunTime:0.001172s ]
INFO: Run Behavior\ParseTemplateBehavior [ RunTime:0.014946s ]
INFO: [ view_parse ] --END-- [ RunTime:0.015739s ]
INFO: [ view_filter ] --START--
INFO: Run Behavior\WriteHtmlCacheBehavior [ RunTime:0.000648s ]
INFO: [ view_filter ] --END-- [ RunTime:0.001411s ]
NOTIC: [2] Cannot modify header information - headers already sent by (output started at E:\wangtao\thinkphp\Application\Home\Controller\IndexController.class.php:112) E:\wangtao\thinkphp\ThinkPHP\Library\Think\View.class.php 第 91 行.
NOTIC: [2] Cannot modify header information - headers already sent by (output started at E:\wangtao\thinkphp\Application\Home\Controller\IndexController.class.php:112) E:\wangtao\thinkphp\ThinkPHP\Library\Think\View.class.php 第 92 行.
NOTIC: [2] Cannot modify header information - headers already sent by (output started at E:\wangtao\thinkphp\Application\Home\Controller\IndexController.class.php:112) E:\wangtao\thinkphp\ThinkPHP\Library\Think\View.class.php 第 93 行.
INFO: [ app_end ] --START--
INFO: Run Behavior\ShowPageTraceBehavior [ RunTime:0.000810s ]
INFO: [ app_end ] --END-- [ RunTime:0.001553s ]

[ 2015-09-10T17:23:25+08:00 ] 127.0.0.1 /index.php/Home/Index/gc_action/
INFO: [ app_init ] --START--
INFO: Run Behavior\BuildLiteBehavior [ RunTime:0.000141s ]
INFO: [ app_init ] --END-- [ RunTime:0.001211s ]
INFO: [ app_begin ] --START--
INFO: Run Behavior\ReadHtmlCacheBehavior [ RunTime:0.000824s ]
INFO: [ app_begin ] --END-- [ RunTime:0.001585s ]
INFO: [ view_parse ] --START--
INFO: [ template_filter ] --START--
INFO: Run Behavior\ContentReplaceBehavior [ RunTime:0.000381s ]
INFO: [ template_filter ] --END-- [ RunTime:0.001190s ]
INFO: Run Behavior\ParseTemplateBehavior [ RunTime:0.011962s ]
INFO: [ view_parse ] --END-- [ RunTime:0.012697s ]
INFO: [ view_filter ] --START--
INFO: Run Behavior\WriteHtmlCacheBehavior [ RunTime:0.000572s ]
INFO: [ view_filter ] --END-- [ RunTime:0.001282s ]
NOTIC: [2] Cannot modify header information - headers already sent by (output started at E:\wangtao\thinkphp\Application\Home\Controller\IndexController.class.php:112) E:\wangtao\thinkphp\ThinkPHP\Library\Think\View.class.php 第 91 行.
NOTIC: [2] Cannot modify header information - headers already sent by (output started at E:\wangtao\thinkphp\Application\Home\Controller\IndexController.class.php:112) E:\wangtao\thinkphp\ThinkPHP\Library\Think\View.class.php 第 92 行.
NOTIC: [2] Cannot modify header information - headers already sent by (output started at E:\wangtao\thinkphp\Application\Home\Controller\IndexController.class.php:112) E:\wangtao\thinkphp\ThinkPHP\Library\Think\View.class.php 第 93 行.
INFO: [ app_end ] --START--
INFO: Run Behavior\ShowPageTraceBehavior [ RunTime:0.000762s ]
INFO: [ app_end ] --END-- [ RunTime:0.001495s ]

[ 2015-09-10T17:23:38+08:00 ] 127.0.0.1 /index.php/Home/Index/gc_action/
INFO: [ app_init ] --START--
INFO: Run Behavior\BuildLiteBehavior [ RunTime:0.000173s ]
INFO: [ app_init ] --END-- [ RunTime:0.001425s ]
INFO: [ app_begin ] --START--
INFO: Run Behavior\ReadHtmlCacheBehavior [ RunTime:0.001057s ]
INFO: [ app_begin ] --END-- [ RunTime:0.002025s ]
ERR: 模板不存在:./Application/Home/View/Index/index2.html
NOTIC: [2] Cannot modify header information - headers already sent by (output started at E:\wangtao\thinkphp\Application\Home\Controller\IndexController.class.php:112) E:\wangtao\thinkphp\ThinkPHP\Library\Think\Think.class.php 第 228 行.
NOTIC: [2] Cannot modify header information - headers already sent by (output started at E:\wangtao\thinkphp\Application\Home\Controller\IndexController.class.php:112) E:\wangtao\thinkphp\ThinkPHP\Library\Think\Think.class.php 第 229 行.

[ 2015-09-10T17:23:53+08:00 ] 127.0.0.1 /index.php/Home/Index/gc_action/
INFO: [ app_init ] --START--
INFO: Run Behavior\BuildLiteBehavior [ RunTime:0.000298s ]
INFO: [ app_init ] --END-- [ RunTime:0.002434s ]
INFO: [ app_begin ] --START--
INFO: Run Behavior\ReadHtmlCacheBehavior [ RunTime:0.000874s ]
INFO: [ app_begin ] --END-- [ RunTime:0.001715s ]
INFO: [ view_parse ] --START--
INFO: [ template_filter ] --START--
INFO: Run Behavior\ContentReplaceBehavior [ RunTime:0.000389s ]
INFO: [ template_filter ] --END-- [ RunTime:0.001464s ]
INFO: Run Behavior\ParseTemplateBehavior [ RunTime:0.012899s ]
INFO: [ view_parse ] --END-- [ RunTime:0.013714s ]
INFO: [ view_filter ] --START--
INFO: Run Behavior\WriteHtmlCacheBehavior [ RunTime:0.000651s ]
INFO: [ view_filter ] --END-- [ RunTime:0.001435s ]
NOTIC: [2] Cannot modify header information - headers already sent by (output started at E:\wangtao\thinkphp\Application\Home\Controller\IndexController.class.php:112) E:\wangtao\thinkphp\ThinkPHP\Library\Think\View.class.php 第 91 行.
NOTIC: [2] Cannot modify header information - headers already sent by (output started at E:\wangtao\thinkphp\Application\Home\Controller\IndexController.class.php:112) E:\wangtao\thinkphp\ThinkPHP\Library\Think\View.class.php 第 92 行.
NOTIC: [2] Cannot modify header information - headers already sent by (output started at E:\wangtao\thinkphp\Application\Home\Controller\IndexController.class.php:112) E:\wangtao\thinkphp\ThinkPHP\Library\Think\View.class.php 第 93 行.
INFO: [ app_end ] --START--
INFO: Run Behavior\ShowPageTraceBehavior [ RunTime:0.000863s ]
INFO: [ app_end ] --END-- [ RunTime:0.001806s ]

[ 2015-09-10T17:24:35+08:00 ] 127.0.0.1 /index.php/Home/Index/gc_action/
INFO: [ app_init ] --START--
INFO: Run Behavior\BuildLiteBehavior [ RunTime:0.000182s ]
INFO: [ app_init ] --END-- [ RunTime:0.001528s ]
INFO: [ app_begin ] --START--
INFO: Run Behavior\ReadHtmlCacheBehavior [ RunTime:0.001038s ]
INFO: [ app_begin ] --END-- [ RunTime:0.002013s ]
INFO: [ view_parse ] --START--
INFO: [ template_filter ] --START--
INFO: Run Behavior\ContentReplaceBehavior [ RunTime:0.000387s ]
INFO: [ template_filter ] --END-- [ RunTime:0.001392s ]
INFO: Run Behavior\ParseTemplateBehavior [ RunTime:0.015827s ]
INFO: [ view_parse ] --END-- [ RunTime:0.016844s ]
INFO: [ view_filter ] --START--
INFO: Run Behavior\WriteHtmlCacheBehavior [ RunTime:0.000768s ]
INFO: [ view_filter ] --END-- [ RunTime:0.001702s ]
NOTIC: [2] Cannot modify header information - headers already sent by (output started at E:\wangtao\thinkphp\Application\Home\Controller\IndexController.class.php:112) E:\wangtao\thinkphp\ThinkPHP\Library\Think\View.class.php 第 91 行.
NOTIC: [2] Cannot modify header information - headers already sent by (output started at E:\wangtao\thinkphp\Application\Home\Controller\IndexController.class.php:112) E:\wangtao\thinkphp\ThinkPHP\Library\Think\View.class.php 第 92 行.
NOTIC: [2] Cannot modify header information - headers already sent by (output started at E:\wangtao\thinkphp\Application\Home\Controller\IndexController.class.php:112) E:\wangtao\thinkphp\ThinkPHP\Library\Think\View.class.php 第 93 行.
INFO: [ app_end ] --START--
INFO: Run Behavior\ShowPageTraceBehavior [ RunTime:0.001483s ]
INFO: [ app_end ] --END-- [ RunTime:0.002454s ]

[ 2015-09-10T17:24:48+08:00 ] 127.0.0.1 /index.php/Home/Index/gc_action/
INFO: [ app_init ] --START--
INFO: Run Behavior\BuildLiteBehavior [ RunTime:0.000176s ]
INFO: [ app_init ] --END-- [ RunTime:0.001605s ]
INFO: [ app_begin ] --START--
INFO: Run Behavior\ReadHtmlCacheBehavior [ RunTime:0.001005s ]
INFO: [ app_begin ] --END-- [ RunTime:0.002002s ]
INFO: [ view_parse ] --START--
INFO: [ template_filter ] --START--
INFO: Run Behavior\ContentReplaceBehavior [ RunTime:0.000315s ]
INFO: [ template_filter ] --END-- [ RunTime:0.001510s ]
INFO: Run Behavior\ParseTemplateBehavior [ RunTime:0.017182s ]
INFO: [ view_parse ] --END-- [ RunTime:0.017937s ]
INFO: [ view_filter ] --START--
INFO: Run Behavior\WriteHtmlCacheBehavior [ RunTime:0.000592s ]
INFO: [ view_filter ] --END-- [ RunTime:0.001306s ]
NOTIC: [2] Cannot modify header information - headers already sent by (output started at E:\wangtao\thinkphp\Application\Home\Controller\IndexController.class.php:112) E:\wangtao\thinkphp\ThinkPHP\Library\Think\View.class.php 第 91 行.
NOTIC: [2] Cannot modify header information - headers already sent by (output started at E:\wangtao\thinkphp\Application\Home\Controller\IndexController.class.php:112) E:\wangtao\thinkphp\ThinkPHP\Library\Think\View.class.php 第 92 行.
NOTIC: [2] Cannot modify header information - headers already sent by (output started at E:\wangtao\thinkphp\Application\Home\Controller\IndexController.class.php:112) E:\wangtao\thinkphp\ThinkPHP\Library\Think\View.class.php 第 93 行.
INFO: [ app_end ] --START--
INFO: Run Behavior\ShowPageTraceBehavior [ RunTime:0.001198s ]
INFO: [ app_end ] --END-- [ RunTime:0.001911s ]

[ 2015-09-10T17:25:05+08:00 ] 127.0.0.1 /index.php/Home/Index/gc_action/
INFO: [ app_init ] --START--
INFO: Run Behavior\BuildLiteBehavior [ RunTime:0.000138s ]
INFO: [ app_init ] --END-- [ RunTime:0.001171s ]
INFO: [ app_begin ] --START--
INFO: Run Behavior\ReadHtmlCacheBehavior [ RunTime:0.000946s ]
INFO: [ app_begin ] --END-- [ RunTime:0.001722s ]
INFO: [ view_parse ] --START--
INFO: [ template_filter ] --START--
INFO: Run Behavior\ContentReplaceBehavior [ RunTime:0.000308s ]
INFO: [ template_filter ] --END-- [ RunTime:0.001052s ]
INFO: Run Behavior\ParseTemplateBehavior [ RunTime:0.015799s ]
INFO: [ view_parse ] --END-- [ RunTime:0.016572s ]
INFO: [ view_filter ] --START--
INFO: Run Behavior\WriteHtmlCacheBehavior [ RunTime:0.000663s ]
INFO: [ view_filter ] --END-- [ RunTime:0.001372s ]
NOTIC: [2] Cannot modify header information - headers already sent by (output started at E:\wangtao\thinkphp\Application\Home\Controller\IndexController.class.php:112) E:\wangtao\thinkphp\ThinkPHP\Library\Think\View.class.php 第 91 行.
NOTIC: [2] Cannot modify header information - headers already sent by (output started at E:\wangtao\thinkphp\Application\Home\Controller\IndexController.class.php:112) E:\wangtao\thinkphp\ThinkPHP\Library\Think\View.class.php 第 92 行.
NOTIC: [2] Cannot modify header information - headers already sent by (output started at E:\wangtao\thinkphp\Application\Home\Controller\IndexController.class.php:112) E:\wangtao\thinkphp\ThinkPHP\Library\Think\View.class.php 第 93 行.
INFO: [ app_end ] --START--
INFO: Run Behavior\ShowPageTraceBehavior [ RunTime:0.001068s ]
INFO: [ app_end ] --END-- [ RunTime:0.001890s ]

[ 2015-09-10T17:27:06+08:00 ] 127.0.0.1 /index.php/Home/Index/gc_action/
INFO: [ app_init ] --START--
INFO: Run Behavior\BuildLiteBehavior [ RunTime:0.000192s ]
INFO: [ app_init ] --END-- [ RunTime:0.001608s ]
INFO: [ app_begin ] --START--
INFO: Run Behavior\ReadHtmlCacheBehavior [ RunTime:0.000834s ]
INFO: [ app_begin ] --END-- [ RunTime:0.001550s ]
INFO: [ view_parse ] --START--
INFO: [ template_filter ] --START--
INFO: Run Behavior\ContentReplaceBehavior [ RunTime:0.000314s ]
INFO: [ template_filter ] --END-- [ RunTime:0.001100s ]

[ 2015-09-10T17:27:49+08:00 ] 127.0.0.1 /index.php/Home/Index/gc_action/
INFO: [ app_init ] --START--
INFO: Run Behavior\BuildLiteBehavior [ RunTime:0.000133s ]
INFO: [ app_init ] --END-- [ RunTime:0.001195s ]
INFO: [ app_begin ] --START--
INFO: Run Behavior\ReadHtmlCacheBehavior [ RunTime:0.000969s ]
INFO: [ app_begin ] --END-- [ RunTime:0.001720s ]
INFO: [ view_parse ] --START--
INFO: [ template_filter ] --START--
INFO: Run Behavior\ContentReplaceBehavior [ RunTime:0.000291s ]
INFO: [ template_filter ] --END-- [ RunTime:0.001109s ]

[ 2015-09-10T17:27:59+08:00 ] 127.0.0.1 /index.php/Home/Index/gc_action/
INFO: [ app_init ] --START--
INFO: Run Behavior\BuildLiteBehavior [ RunTime:0.000150s ]
INFO: [ app_init ] --END-- [ RunTime:0.001295s ]
INFO: [ app_begin ] --START--
INFO: Run Behavior\ReadHtmlCacheBehavior [ RunTime:0.000793s ]
INFO: [ app_begin ] --END-- [ RunTime:0.001564s ]
INFO: [ view_parse ] --START--
INFO: [ template_filter ] --START--
INFO: Run Behavior\ContentReplaceBehavior [ RunTime:0.000384s ]
INFO: [ template_filter ] --END-- [ RunTime:0.001210s ]

[ 2015-09-10T17:31:58+08:00 ] 127.0.0.1 /index.php/Home/Index/gc_action/
INFO: [ app_init ] --START--
INFO: Run Behavior\BuildLiteBehavior [ RunTime:0.000194s ]
INFO: [ app_init ] --END-- [ RunTime:0.001668s ]
INFO: [ app_begin ] --START--
INFO: Run Behavior\ReadHtmlCacheBehavior [ RunTime:0.001224s ]
INFO: [ app_begin ] --END-- [ RunTime:0.002285s ]
INFO: [ view_parse ] --START--
INFO: [ template_filter ] --START--
INFO: Run Behavior\ContentReplaceBehavior [ RunTime:0.000301s ]
INFO: [ template_filter ] --END-- [ RunTime:0.001080s ]
INFO: Run Behavior\ParseTemplateBehavior [ RunTime:0.015345s ]
INFO: [ view_parse ] --END-- [ RunTime:0.016525s ]
INFO: [ view_filter ] --START--
INFO: Run Behavior\WriteHtmlCacheBehavior [ RunTime:0.000688s ]
INFO: [ view_filter ] --END-- [ RunTime:0.001425s ]
NOTIC: [2] Cannot modify header information - headers already sent by (output started at E:\wangtao\thinkphp\Application\Home\Controller\IndexController.class.php:112) E:\wangtao\thinkphp\ThinkPHP\Library\Think\View.class.php 第 91 行.
NOTIC: [2] Cannot modify header information - headers already sent by (output started at E:\wangtao\thinkphp\Application\Home\Controller\IndexController.class.php:112) E:\wangtao\thinkphp\ThinkPHP\Library\Think\View.class.php 第 92 行.
NOTIC: [2] Cannot modify header information - headers already sent by (output started at E:\wangtao\thinkphp\Application\Home\Controller\IndexController.class.php:112) E:\wangtao\thinkphp\ThinkPHP\Library\Think\View.class.php 第 93 行.
INFO: [ app_end ] --START--
INFO: Run Behavior\ShowPageTraceBehavior [ RunTime:0.001173s ]
INFO: [ app_end ] --END-- [ RunTime:0.002014s ]

[ 2015-09-10T17:32:38+08:00 ] 127.0.0.1 /index.php/Home/Index/gc_action/
INFO: [ app_init ] --START--
INFO: Run Behavior\BuildLiteBehavior [ RunTime:0.000152s ]
INFO: [ app_init ] --END-- [ RunTime:0.001271s ]
INFO: [ app_begin ] --START--
INFO: Run Behavior\ReadHtmlCacheBehavior [ RunTime:0.000851s ]
INFO: [ app_begin ] --END-- [ RunTime:0.001653s ]
INFO: [ view_parse ] --START--
INFO: [ template_filter ] --START--
INFO: Run Behavior\ContentReplaceBehavior [ RunTime:0.000330s ]
INFO: [ template_filter ] --END-- [ RunTime:0.001186s ]

[ 2015-09-10T17:33:42+08:00 ] 127.0.0.1 /index.php/Home/Index/gc_action/
INFO: [ app_init ] --START--
INFO: Run Behavior\BuildLiteBehavior [ RunTime:0.000451s ]
INFO: [ app_init ] --END-- [ RunTime:0.003240s ]
INFO: [ app_begin ] --START--
INFO: Run Behavior\ReadHtmlCacheBehavior [ RunTime:0.001087s ]
INFO: [ app_begin ] --END-- [ RunTime:0.002060s ]
INFO: [ view_parse ] --START--
INFO: [ template_filter ] --START--
INFO: Run Behavior\ContentReplaceBehavior [ RunTime:0.000382s ]
INFO: [ template_filter ] --END-- [ RunTime:0.001366s ]
INFO: Run Behavior\ParseTemplateBehavior [ RunTime:0.018932s ]
INFO: [ view_parse ] --END-- [ RunTime:0.019860s ]
INFO: [ view_filter ] --START--
INFO: Run Behavior\WriteHtmlCacheBehavior [ RunTime:0.000717s ]
INFO: [ view_filter ] --END-- [ RunTime:0.001609s ]
NOTIC: [2] Cannot modify header information - headers already sent by (output started at E:\wangtao\thinkphp\Application\Home\Controller\IndexController.class.php:112) E:\wangtao\thinkphp\ThinkPHP\Library\Think\View.class.php 第 91 行.
NOTIC: [2] Cannot modify header information - headers already sent by (output started at E:\wangtao\thinkphp\Application\Home\Controller\IndexController.class.php:112) E:\wangtao\thinkphp\ThinkPHP\Library\Think\View.class.php 第 92 行.
NOTIC: [2] Cannot modify header information - headers already sent by (output started at E:\wangtao\thinkphp\Application\Home\Controller\IndexController.class.php:112) E:\wangtao\thinkphp\ThinkPHP\Library\Think\View.class.php 第 93 行.
INFO: [ app_end ] --START--
INFO: Run Behavior\ShowPageTraceBehavior [ RunTime:0.001299s ]
INFO: [ app_end ] --END-- [ RunTime:0.002466s ]

