[ 2015-12-17T14:17:40+08:00 ] 127.0.0.1 /index.php/Home/Index/index/id/1.html
INFO: [ app_init ] --START--
INFO: Run Behavior\BuildLiteBehavior [ RunTime:0.000022s ]
INFO: [ app_init ] --END-- [ RunTime:0.001348s ]
INFO: [ app_begin ] --START--
INFO: Run Behavior\ReadHtmlCacheBehavior [ RunTime:0.018595s ]
INFO: [ app_begin ] --END-- [ RunTime:0.018673s ]
NOTIC: [2] fopen(E:\wangtao\thinkphp\ThinkPHP\Library\Org\Net/UTFWry.dat): failed to open stream: No such file or directory E:\wangtao\thinkphp\ThinkPHP\Library\Org\Net\IpLocation.class.php 第 54 行.
INFO: [ app_end ] --START--
INFO: Run Behavior\ShowPageTraceBehavior [ RunTime:0.010722s ]
INFO: [ app_end ] --END-- [ RunTime:0.010957s ]

[ 2015-12-17T14:17:44+08:00 ] 127.0.0.1 /index.php/Home/Index/index/
INFO: [ app_init ] --START--
INFO: Run Behavior\BuildLiteBehavior [ RunTime:0.000012s ]
INFO: [ app_init ] --END-- [ RunTime:0.000383s ]
INFO: [ app_begin ] --START--
INFO: Run Behavior\ReadHtmlCacheBehavior [ RunTime:0.000452s ]
INFO: [ app_begin ] --END-- [ RunTime:0.000487s ]
NOTIC: [2] fopen(E:\wangtao\thinkphp\ThinkPHP\Library\Org\Net/UTFWry.dat): failed to open stream: No such file or directory E:\wangtao\thinkphp\ThinkPHP\Library\Org\Net\IpLocation.class.php 第 54 行.
INFO: [ app_end ] --START--
INFO: Run Behavior\ShowPageTraceBehavior [ RunTime:0.000389s ]
INFO: [ app_end ] --END-- [ RunTime:0.000426s ]

[ 2015-12-17T14:18:14+08:00 ] 127.0.0.1 /index.php/Home/Index/index/
INFO: [ app_init ] --START--
INFO: Run Behavior\BuildLiteBehavior [ RunTime:0.000013s ]
INFO: [ app_init ] --END-- [ RunTime:0.000356s ]
INFO: [ app_begin ] --START--
INFO: Run Behavior\ReadHtmlCacheBehavior [ RunTime:0.000399s ]
INFO: [ app_begin ] --END-- [ RunTime:0.000440s ]
NOTIC: [2] fopen(E:\wangtao\thinkphp\ThinkPHP\Library\Org\Net/UTFWry.dat): failed to open stream: No such file or directory E:\wangtao\thinkphp\ThinkPHP\Library\Org\Net\IpLocation.class.php 第 54 行.
INFO: [ app_end ] --START--
INFO: Run Behavior\ShowPageTraceBehavior [ RunTime:0.000359s ]
INFO: [ app_end ] --END-- [ RunTime:0.000402s ]

[ 2015-12-17T14:18:44+08:00 ] 127.0.0.1 /index.php/Home/Index/index/
INFO: [ app_init ] --START--
INFO: Run Behavior\BuildLiteBehavior [ RunTime:0.000014s ]
INFO: [ app_init ] --END-- [ RunTime:0.000633s ]
INFO: [ app_begin ] --START--
INFO: Run Behavior\ReadHtmlCacheBehavior [ RunTime:0.000417s ]
INFO: [ app_begin ] --END-- [ RunTime:0.000463s ]
NOTIC: [2] fopen(E:\wangtao\thinkphp\ThinkPHP\Library\Org\Net/UTFWry.dat): failed to open stream: No such file or directory E:\wangtao\thinkphp\ThinkPHP\Library\Org\Net\IpLocation.class.php 第 54 行.
INFO: [ app_end ] --START--
INFO: Run Behavior\ShowPageTraceBehavior [ RunTime:0.000405s ]
INFO: [ app_end ] --END-- [ RunTime:0.000454s ]

[ 2015-12-17T14:19:17+08:00 ] 127.0.0.1 /index.php/Home/Index/index/
INFO: [ app_init ] --START--
INFO: Run Behavior\BuildLiteBehavior [ RunTime:0.000011s ]
INFO: [ app_init ] --END-- [ RunTime:0.000365s ]
INFO: [ app_begin ] --START--
INFO: Run Behavior\ReadHtmlCacheBehavior [ RunTime:0.000510s ]
INFO: [ app_begin ] --END-- [ RunTime:0.000553s ]
NOTIC: [2] fopen(E:\wangtao\thinkphp\ThinkPHP\Library\Org\Net/UTFWry.dat): failed to open stream: No such file or directory E:\wangtao\thinkphp\ThinkPHP\Library\Org\Net\IpLocation.class.php 第 54 行.
INFO: [ app_end ] --START--
INFO: Run Behavior\ShowPageTraceBehavior [ RunTime:0.000448s ]
INFO: [ app_end ] --END-- [ RunTime:0.000496s ]

[ 2015-12-17T14:19:18+08:00 ] 127.0.0.1 /index.php/Home/Index/index/
INFO: [ app_init ] --START--
INFO: Run Behavior\BuildLiteBehavior [ RunTime:0.000012s ]
INFO: [ app_init ] --END-- [ RunTime:0.000383s ]
INFO: [ app_begin ] --START--
INFO: Run Behavior\ReadHtmlCacheBehavior [ RunTime:0.000447s ]
INFO: [ app_begin ] --END-- [ RunTime:0.000481s ]
NOTIC: [2] fopen(E:\wangtao\thinkphp\ThinkPHP\Library\Org\Net/UTFWry.dat): failed to open stream: No such file or directory E:\wangtao\thinkphp\ThinkPHP\Library\Org\Net\IpLocation.class.php 第 54 行.
INFO: [ app_end ] --START--
INFO: Run Behavior\ShowPageTraceBehavior [ RunTime:0.000391s ]
INFO: [ app_end ] --END-- [ RunTime:0.000428s ]

[ 2015-12-17T14:19:25+08:00 ] 127.0.0.1 /index.php/Home/Index/index/
INFO: [ app_init ] --START--
INFO: Run Behavior\BuildLiteBehavior [ RunTime:0.000012s ]
INFO: [ app_init ] --END-- [ RunTime:0.000308s ]
INFO: [ app_begin ] --START--
INFO: Run Behavior\ReadHtmlCacheBehavior [ RunTime:0.000390s ]
INFO: [ app_begin ] --END-- [ RunTime:0.000431s ]
NOTIC: [2] fopen(E:\wangtao\thinkphp\ThinkPHP\Library\Org\Net/UTFWry.dat): failed to open stream: No such file or directory E:\wangtao\thinkphp\ThinkPHP\Library\Org\Net\IpLocation.class.php 第 54 行.
INFO: [ app_end ] --START--
INFO: Run Behavior\ShowPageTraceBehavior [ RunTime:0.000388s ]
INFO: [ app_end ] --END-- [ RunTime:0.000439s ]

[ 2015-12-17T14:20:44+08:00 ] 127.0.0.1 /index.php/Home/Index/index/
INFO: [ app_init ] --START--
INFO: Run Behavior\BuildLiteBehavior [ RunTime:0.000012s ]
INFO: [ app_init ] --END-- [ RunTime:0.000435s ]
INFO: [ app_begin ] --START--
INFO: Run Behavior\ReadHtmlCacheBehavior [ RunTime:0.000461s ]
INFO: [ app_begin ] --END-- [ RunTime:0.000502s ]
NOTIC: [2] fopen(E:\wangtao\thinkphp\ThinkPHP\Library\Org\Net/UTFWry.dat): failed to open stream: No such file or directory E:\wangtao\thinkphp\ThinkPHP\Library\Org\Net\IpLocation.class.php 第 54 行.
INFO: [ app_end ] --START--
INFO: Run Behavior\ShowPageTraceBehavior [ RunTime:0.000466s ]
INFO: [ app_end ] --END-- [ RunTime:0.000511s ]

[ 2015-12-17T14:21:09+08:00 ] 127.0.0.1 /index.php/Home/Index/index/
INFO: [ app_init ] --START--
INFO: Run Behavior\BuildLiteBehavior [ RunTime:0.000014s ]
INFO: [ app_init ] --END-- [ RunTime:0.000413s ]
INFO: [ app_begin ] --START--
INFO: Run Behavior\ReadHtmlCacheBehavior [ RunTime:0.000544s ]
INFO: [ app_begin ] --END-- [ RunTime:0.000591s ]
NOTIC: [2] fopen(E:\wangtao\thinkphp\ThinkPHP\Library\Org\Net/UTFWry.dat): failed to open stream: No such file or directory E:\wangtao\thinkphp\ThinkPHP\Library\Org\Net\IpLocation.class.php 第 54 行.
INFO: [ app_end ] --START--
INFO: Run Behavior\ShowPageTraceBehavior [ RunTime:0.000562s ]
INFO: [ app_end ] --END-- [ RunTime:0.000625s ]

[ 2015-12-17T14:21:44+08:00 ] 127.0.0.1 /index.php/Home/Index/index/
INFO: [ app_init ] --START--
INFO: Run Behavior\BuildLiteBehavior [ RunTime:0.000022s ]
INFO: [ app_init ] --END-- [ RunTime:0.001410s ]
INFO: [ app_begin ] --START--
INFO: Run Behavior\ReadHtmlCacheBehavior [ RunTime:0.000804s ]
INFO: [ app_begin ] --END-- [ RunTime:0.000880s ]
NOTIC: [2] fopen(E:\wangtao\thinkphp\ThinkPHP\Library\Org\Net/UTFWry.dat): failed to open stream: No such file or directory E:\wangtao\thinkphp\ThinkPHP\Library\Org\Net\IpLocation.class.php 第 54 行.
INFO: [ app_end ] --START--
INFO: Run Behavior\ShowPageTraceBehavior [ RunTime:0.000795s ]
INFO: [ app_end ] --END-- [ RunTime:0.000879s ]

[ 2015-12-17T14:21:44+08:00 ] 127.0.0.1 /index.php/Home/Index/index/
INFO: [ app_init ] --START--
INFO: Run Behavior\BuildLiteBehavior [ RunTime:0.000022s ]
INFO: [ app_init ] --END-- [ RunTime:0.000658s ]
INFO: [ app_begin ] --START--
INFO: Run Behavior\ReadHtmlCacheBehavior [ RunTime:0.000922s ]
INFO: [ app_begin ] --END-- [ RunTime:0.001004s ]
NOTIC: [2] fopen(E:\wangtao\thinkphp\ThinkPHP\Library\Org\Net/UTFWry.dat): failed to open stream: No such file or directory E:\wangtao\thinkphp\ThinkPHP\Library\Org\Net\IpLocation.class.php 第 54 行.
INFO: [ app_end ] --START--
INFO: Run Behavior\ShowPageTraceBehavior [ RunTime:0.000751s ]
INFO: [ app_end ] --END-- [ RunTime:0.000832s ]

[ 2015-12-17T14:22:26+08:00 ] 127.0.0.1 /index.php/Home/Index/index/
INFO: [ app_init ] --START--
INFO: Run Behavior\BuildLiteBehavior [ RunTime:0.000012s ]
INFO: [ app_init ] --END-- [ RunTime:0.000359s ]
INFO: [ app_begin ] --START--
INFO: Run Behavior\ReadHtmlCacheBehavior [ RunTime:0.000432s ]
INFO: [ app_begin ] --END-- [ RunTime:0.000472s ]
NOTIC: [2] fopen(E:\wangtao\thinkphp\ThinkPHP\Library\Org\Net/UTFWry.dat): failed to open stream: No such file or directory E:\wangtao\thinkphp\ThinkPHP\Library\Org\Net\IpLocation.class.php 第 54 行.
INFO: [ app_end ] --START--
INFO: Run Behavior\ShowPageTraceBehavior [ RunTime:0.000381s ]
INFO: [ app_end ] --END-- [ RunTime:0.000428s ]

[ 2015-12-17T14:22:27+08:00 ] 127.0.0.1 /index.php/Home/Index/index/
INFO: [ app_init ] --START--
INFO: Run Behavior\BuildLiteBehavior [ RunTime:0.000013s ]
INFO: [ app_init ] --END-- [ RunTime:0.000390s ]
INFO: [ app_begin ] --START--
INFO: Run Behavior\ReadHtmlCacheBehavior [ RunTime:0.000508s ]
INFO: [ app_begin ] --END-- [ RunTime:0.000551s ]
NOTIC: [2] fopen(E:\wangtao\thinkphp\ThinkPHP\Library\Org\Net/UTFWry.dat): failed to open stream: No such file or directory E:\wangtao\thinkphp\ThinkPHP\Library\Org\Net\IpLocation.class.php 第 54 行.
INFO: [ app_end ] --START--
INFO: Run Behavior\ShowPageTraceBehavior [ RunTime:0.000460s ]
INFO: [ app_end ] --END-- [ RunTime:0.000509s ]

